0000000000000000 T __code_start
0000000000000000 A __start__
0000000000000000 T _start
0000000000000000 b _TLS_MODULE_BASE_
0000000000000000 0000000000000004 b fsdev_last_result
0000000000000008 0000000000000401 B __nx_dev_path_buf
0000000000000080 t startup
00000000000000a4 t bssclr_start
00000000000000cc t bss_loop
0000000000000120 T __nx_exit
0000000000000130 T __nx_mod0
0000000000000158 T _init
00000000000001c0 0000000000000038 T exit
0000000000000200 000000000000009c T main
00000000000002a0 t deregister_tm_clones
00000000000002d0 t register_tm_clones
0000000000000308 t __do_global_dtors_aux
0000000000000350 t frame_dummy
0000000000000390 00000000000000ec t _hidCmdWithNoInput
000000000000040c 0000000000000004 b g_fsPriority
0000000000000480 0000000000000100 t _hidCmdWithInputU32
0000000000000580 00000000000001b4 t _hidCreateAppletResource.constprop.11
0000000000000740 00000000000000c4 t _hidCmdGetHandle.constprop.12
0000000000000810 00000000000000f4 t _hidCmdWithInputU64.constprop.13
0000000000000910 00000000000001f8 T hidReset
0000000000000b10 000000000000000c T hidGetSharedmemAddr
0000000000000b20 000000000000006c T hidKeysDown
0000000000000b90 000000000000000c T hidTouchCount
0000000000000ba0 0000000000000598 T hidScanInput
0000000000001140 0000000000000008 T hidSetSupportedNpadStyleSet
0000000000001150 00000000000001a8 T hidSetSupportedNpadIdType
0000000000001300 0000000000000008 T hidSetNpadJoyHoldType
0000000000001310 0000000000000020 T hidSetNpadJoyAssignmentModeDual
0000000000001330 0000000000000080 T hidFinalizeSevenSixAxisSensor
00000000000013b0 000000000000010c t _hidCleanup
00000000000014c0 000000000000018c T hidInitialize
0000000000001650 0000000000000044 T hidExit
00000000000016a0 0000000000000024 t _appletInfiniteSleepLoop
00000000000016d0 00000000000000f0 t _appletCmdGetSession
00000000000017c0 00000000000000fc t _appletGetLaunchReason
00000000000018c0 00000000000000f0 t _appletSetFocusHandlingMode
00000000000019b0 00000000000000c0 t _appletCmdNoIO.isra.2
0000000000001a70 00000000000000d4 t _appletCmdNoInOutU64.isra.3
0000000000001b50 00000000000000d4 t _appletCmdNoInOutU32.isra.5
0000000000001c30 00000000000000d4 t _appletCmdNoInOutU8.isra.6
0000000000001d10 0000000000000050 t _appletCmdNoInOutBool
0000000000001d60 00000000000000c8 t _appletCmdInU8NoOut.isra.7
0000000000001e30 00000000000000c8 t _appletCmdInU32NoOut.isra.10
0000000000001f00 00000000000000d4 t _appletGetLibraryAppletInfo.isra.12
0000000000001fe0 0000000000000114 t _appletGetSessionProxy.constprop.41
0000000000002100 0000000000000148 t _appletOpenLibraryAppletProxy.constprop.42
0000000000002250 00000000000000cc t _appletCmdGetHandle.isra.4.constprop.46
0000000000002320 0000000000000070 t _appletCmdGetEvent
0000000000002390 0000000000000010 T appletGetAppletType
00000000000023a0 0000000000000114 T appletSetFocusHandlingMode
00000000000024c0 0000000000000064 T appletSetCpuBoostMode
0000000000002530 000000000000002c T appletCreateManagedDisplayLayer
0000000000002560 0000000000000028 T appletGetAppletResourceUserId
0000000000002590 000000000000010c t _appletGetIndirectLayerConsumerHandle.isra.29
00000000000026a0 0000000000000074 t _appletHolderCreateState
0000000000002720 00000000000000b4 T appletHolderClose
00000000000027e0 0000000000000024 T appletHolderGetLibraryAppletInfo
0000000000002810 0000000000000058 T appletNotifyRunning
0000000000002870 0000000000000088 T appletSetGamePlayRecordingState
0000000000002900 0000000000000ad0 t _appletCleanup
00000000000033d0 0000000000000044 T appletExit
0000000000003420 0000000000000020 t _appletExitProcess
0000000000003440 0000000000000040 T appletGetLibraryAppletInfo
0000000000003480 0000000000000a44 T appletInitialize
0000000000003ed0 0000000000000074 T appletGetMessage
0000000000003f50 0000000000000240 T appletProcessMessage
0000000000004190 0000000000000034 T appletMainLoop
00000000000041d0 0000000000000254 T envSetup
0000000000004430 0000000000000020 T envGetMainThreadHandle
0000000000004450 000000000000000c T envIsNso
0000000000004460 0000000000000014 T envHasHeapOverride
0000000000004480 000000000000000c T envGetHeapOverrideAddr
0000000000004490 000000000000000c T envGetHeapOverrideSize
00000000000044a0 0000000000000014 T envHasArgv
00000000000044c0 000000000000000c T envGetArgv
00000000000044d0 000000000000000c T envGetExitFuncPtr
00000000000044e0 000000000000000c T envSetExitFuncPtr
00000000000044f0 0000000000000010 T hosversionGet
0000000000004500 0000000000000010 T hosversionSet
0000000000004510 0000000000000044 t consoleDrawChar
0000000000004560 0000000000000140 t consoleClearLine
00000000000046a0 000000000000004c t consoleNewRow
00000000000046f0 0000000000000118 t consolePrintChar
0000000000004810 000000000000015c t consoleCls
0000000000004970 00000000000007e0 t con_write
0000000000005150 000000000000011c T consoleInit
0000000000005270 0000000000000048 T consoleExit
00000000000052c0 0000000000000028 T consoleUpdate
00000000000052e8 T svcSetHeapSize
00000000000052fc T svcSetMemoryAttribute
0000000000005304 T svcUnmapMemory
000000000000530c T svcQueryMemory
0000000000005320 T svcExitProcess
0000000000005328 T svcSleepThread
0000000000005330 T svcMapSharedMemory
0000000000005338 T svcUnmapSharedMemory
0000000000005340 T svcCreateTransferMemory
0000000000005354 T svcCloseHandle
000000000000535c T svcResetSignal
0000000000005364 T svcWaitSynchronization
0000000000005378 T svcArbitrateLock
0000000000005380 T svcArbitrateUnlock
0000000000005388 T svcWaitProcessWideKeyAtomic
0000000000005390 T svcSignalProcessWideKey
0000000000005398 T svcConnectToNamedPort
00000000000053ac T svcSendSyncRequest
00000000000053b4 T svcBreak
00000000000053bc T svcReturnFromException
00000000000053c4 T svcGetInfo
00000000000053d8 T svcUnmapTransferMemory
00000000000053e0 W __libnx_exception_entry
000000000000546c t __libnx_exception_entry_start
0000000000005594 t __libnx_exception_entry_abort
0000000000005598 t __libnx_exception_entry_end
00000000000055a0 T __libnx_exception_returnentry
00000000000055c0 000000000000000c T eventLoadRemote
00000000000055d0 0000000000000038 T eventWait
0000000000005610 0000000000000050 T eventClose
0000000000005660 000000000000008c T mutexLock
00000000000056f0 0000000000000030 T mutexUnlock
0000000000005720 000000000000004c T rmutexLock
0000000000005770 000000000000001c T rmutexUnlock
0000000000005790 00000000000000a8 T tmemCreate
0000000000005840 0000000000000058 T tmemUnmap
00000000000058a0 0000000000000068 T tmemClose
0000000000005910 0000000000000058 T rwlockReadLock
0000000000005970 000000000000005c T rwlockReadUnlock
00000000000059d0 0000000000000084 T rwlockWriteLock
0000000000005a60 000000000000003c T rwlockWriteUnlock
0000000000005aa0 0000000000000104 t _waitLoop
0000000000005bb0 0000000000000338 t _waitObjectsImpl
0000000000005ef0 000000000000000c T waitObjects
0000000000005f00 0000000000000014 T shmemLoadRemote
0000000000005f20 0000000000000084 T shmemMap
0000000000005fb0 0000000000000058 T shmemUnmap
0000000000006010 0000000000000044 T shmemClose
0000000000006060 0000000000000068 t _smCleanup
00000000000060d0 0000000000000048 T smAddOverrideHandle
0000000000006120 0000000000000064 T smGetServiceOverride
0000000000006190 0000000000000044 T smExit
00000000000061e0 00000000000000d0 T smGetServiceOriginal
00000000000062b0 000000000000027c T smInitialize
0000000000006530 0000000000000114 T smGetServiceWrapper
0000000000006650 00000000000001a8 t _fatalCmd
0000000000006800 000000000000000c T fatalThrowWithPolicy
0000000000006810 0000000000000014 T fatalSimple
0000000000006810 0000000000000014 T fatalThrow
0000000000006830 00000000000000cc t _apmCleanup
0000000000006900 0000000000000188 t _apmCmdGetSession.constprop.0
0000000000006a90 00000000000000a0 T apmInitialize
0000000000006b30 0000000000000044 T apmExit
0000000000006b80 00000000000000c8 T apmSetPerformanceConfiguration
0000000000006c50 0000000000000324 T argvSetup
0000000000006f80 00000000000000c4 T nxlinkSetup
0000000000007050 00000000000000d8 W __libnx_initheap
0000000000007130 00000000000000e8 W __appInit
0000000000007220 0000000000000044 W __appExit
0000000000007270 0000000000000028 W __libnx_init
00000000000072a0 0000000000000020 W __libnx_exit
00000000000072c0 00000000000000a0 T __nx_dynamic
0000000000007360 0000000000000010 t fsdev_link
0000000000007370 0000000000000010 t fsdev_dirreset
0000000000007380 0000000000000010 t fsdev_chmod
0000000000007390 000000000000001c t error_cmp
00000000000073b0 000000000000005c t fsdev_translate_error
0000000000007410 0000000000000040 t fsdev_fsync
0000000000007450 0000000000000060 t fsdev_ftruncate
00000000000074b0 0000000000000020 t fsdev_dirclose
00000000000074d0 000000000000001c t fsdev_close
00000000000074f0 000000000000007c t fsdev_converttimetoutc
0000000000007570 00000000000000c8 t fsdev_fstat
0000000000007640 00000000000000b0 t fsdev_seek
00000000000076f0 0000000000000118 t fsdev_read_safe.isra.0
0000000000007810 00000000000000cc t fsdev_read
00000000000078e0 0000000000000114 t fsdev_write_safe.isra.1
0000000000007a00 00000000000000f0 t fsdev_write
0000000000007af0 00000000000000b8 t fsdevFindDevice.part.2
0000000000007bb0 0000000000000210 t fsdev_getfspath
0000000000007dc0 0000000000000078 t fsdev_rmdir
0000000000007e40 00000000000000d8 t fsdev_statvfs
0000000000007f20 00000000000000f4 t fsdev_diropen
0000000000008020 0000000000000078 t fsdev_mkdir
00000000000080a0 000000000000010c t fsdev_rename
00000000000081b0 0000000000000124 t fsdev_chdir
00000000000082e0 0000000000000078 t fsdev_unlink
0000000000008360 00000000000001c0 t fsdev_stat
0000000000008520 00000000000001b0 t fsdev_open
00000000000086d0 00000000000000a8 t _fsdevUnmountDeviceStruct.part.4
0000000000008780 0000000000000184 t fsdev_dirnext
0000000000008910 0000000000000010 t fsdev_fchmod
0000000000008920 00000000000001c8 T fsdevMountDevice
0000000000008af0 0000000000000040 T fsdevMountSdmc
0000000000008b30 00000000000000cc T __libnx_init_cwd
0000000000008c00 0000000000000064 T fsdevUnmountAll
0000000000008c70 0000000000000070 t ConsoleSwRenderer_flushAndSwap
0000000000008ce0 00000000000000c4 t ConsoleSwRenderer_scrollWindow
0000000000008db0 0000000000000188 t ConsoleSwRenderer_drawChar
0000000000008f40 000000000000003c t ConsoleSwRenderer_deinit
0000000000008f80 00000000000000f4 t ConsoleSwRenderer_init
0000000000009080 000000000000000c W getDefaultConsoleRenderer
0000000000009090 000000000000012c T decode_utf8
00000000000091bc T __aarch64_read_tp
00000000000091d0 0000000000000060 T condvarWaitTimeout
0000000000009230 000000000000007c t _GetRegionFromInfo.isra.1
00000000000092b0 0000000000000114 T virtmemSetup
00000000000093d0 0000000000000124 T virtmemReserve
0000000000009500 0000000000000004 T virtmemFree
0000000000009510 000000000000017c T detectKernelVersion
0000000000009690 0000000000000030 T detectDebugger
00000000000096c0 00000000000000b4 t _fsCleanup
0000000000009780 00000000000001d4 t _fsCmdNoIO
0000000000009960 0000000000000200 t _fsFsCmdWithInPath
0000000000009b60 0000000000000244 t _fsFsCmdWithTwoInPaths
0000000000009db0 00000000000002fc t _fsFsOpenCommon
000000000000a0b0 0000000000000214 t _fsFsCmdWithInPathAndOutU64
000000000000a2d0 00000000000000fc t _fsObjectClose
000000000000a3d0 0000000000000170 t _fsCmdGetSession.constprop.2
000000000000a540 0000000000000328 T fsInitialize
000000000000a870 0000000000000044 T fsExit
000000000000a8c0 0000000000000008 T fsOpenSdCardFileSystem
000000000000a8d0 000000000000020c T fsFsCreateFile
000000000000aae0 0000000000000008 T fsFsDeleteFile
000000000000aaf0 0000000000000008 T fsFsCreateDirectory
000000000000ab00 0000000000000008 T fsFsDeleteDirectory
000000000000ab10 0000000000000008 T fsFsRenameFile
000000000000ab20 0000000000000008 T fsFsRenameDirectory
000000000000ab30 0000000000000210 T fsFsGetEntryType
000000000000ad40 0000000000000008 T fsFsOpenFile
000000000000ad50 0000000000000008 T fsFsOpenDirectory
000000000000ad60 0000000000000008 T fsFsGetFreeSpace
000000000000ad70 0000000000000008 T fsFsGetTotalSpace
000000000000ad80 0000000000000260 T fsFsGetFileTimeStampRaw
000000000000afe0 0000000000000004 T fsFsClose
000000000000aff0 0000000000000248 T fsFileRead
000000000000b240 000000000000022c T fsFileWrite
000000000000b470 0000000000000008 T fsFileFlush
000000000000b480 00000000000001dc T fsFileSetSize
000000000000b660 00000000000001ec T fsFileGetSize
000000000000b850 0000000000000004 T fsFileClose
000000000000b860 0000000000000004 T fsDirClose
000000000000b870 0000000000000230 T fsDirRead
000000000000baa0 00000000000000d4 t _setsysGetFirmwareVersionImpl
000000000000bb80 0000000000000068 t _setsysCleanup
000000000000bbf0 00000000000000a0 T setsysInitialize
000000000000bc90 0000000000000044 T setsysExit
000000000000bce0 0000000000000044 T setsysGetFirmwareVersion
000000000000bd30 00000000000001d4 t _timeCleanup
000000000000bf10 00000000000000c8 t _timeCmdNoInOutU64.constprop.2
000000000000bfe0 0000000000000184 t _timeCmdGetSession.constprop.4
000000000000c170 0000000000000200 T timeInitialize
000000000000c370 0000000000000044 T timeExit
000000000000c3c0 0000000000000038 T timeGetServiceSession_SystemClock
000000000000c400 000000000000002c T timeGetCurrentTime
000000000000c430 0000000000000118 T timeToCalendarTimeWithMyRule
000000000000c550 0000000000000104 T timeToPosixTimeWithMyRule
000000000000c660 0000000000000054 t _nwindowConnect
000000000000c6c0 0000000000000040 t _nwindowDisconnect
000000000000c700 0000000000000024 T nwindowIsValid
000000000000c730 000000000000006c T nwindowClose
000000000000c7a0 00000000000000d4 T nwindowCreate
000000000000c880 0000000000000034 T nwindowCreateFromLayer
000000000000c8c0 0000000000000088 T nwindowSetDimensions
000000000000c950 0000000000000154 T nwindowConfigureBuffer
000000000000cab0 00000000000001e4 T nwindowDequeueBuffer
000000000000cca0 0000000000000144 T nwindowQueueBuffer
000000000000cdf0 00000000000000ac T nwindowReleaseBuffers
000000000000cea0 000000000000000c T nwindowGetDefault
000000000000ceb0 00000000000000c8 T __nx_win_init
000000000000cf80 0000000000000034 T __nx_win_exit
000000000000cfc0 0000000000000018 T binderCreate
000000000000cfe0 0000000000000440 T binderTransactParcel
000000000000d420 0000000000000124 T binderConvertErrorCode
000000000000d550 0000000000000124 T binderAdjustRefcount
000000000000d680 0000000000000098 T binderInitSession
000000000000d720 0000000000000068 T binderClose
000000000000d790 0000000000000158 T binderGetNativeHandle
000000000000d8f0 00000000000000e8 T bqRequestBuffer
000000000000d9e0 0000000000000154 T bqDequeueBuffer
000000000000db40 000000000000009c T bqDetachBuffer
000000000000dbe0 00000000000000e0 T bqQueueBuffer
000000000000dcc0 0000000000000090 T bqCancelBuffer
000000000000dd50 00000000000000e4 T bqConnect
000000000000de40 000000000000009c T bqDisconnect
000000000000dee0 0000000000000178 T bqSetPreallocatedBuffer
000000000000e060 0000000000000080 T framebufferMakeLinear
000000000000e0e0 0000000000000078 T framebufferClose
000000000000e160 0000000000000298 T framebufferCreate
000000000000e400 0000000000000080 T framebufferBegin
000000000000e480 000000000000017c T framebufferEnd
000000000000e600 000000000000001c T __syscall_exit
000000000000e620 0000000000000034 T __syscall_getreent
000000000000e660 0000000000000004 T __syscall_lock_acquire
000000000000e670 0000000000000004 T __syscall_lock_release
000000000000e680 0000000000000004 T __syscall_lock_acquire_recursive
000000000000e690 0000000000000004 T __syscall_lock_release_recursive
000000000000e6a0 000000000000027c T __libnx_init_time
000000000000e920 0000000000000080 T newlibSetup
000000000000e9a0 T armDCacheFlush
000000000000e9c4 t armDCacheFlush_L0
000000000000e9e0 0000000000000180 T sessionmgrCreate
000000000000eb60 0000000000000080 T sessionmgrClose
000000000000ebe0 00000000000000a4 T sessionmgrAttachClient
000000000000ec90 0000000000000074 T sessionmgrDetachClient
000000000000ed10 00000000000001c8 t _viCleanup
000000000000eee0 0000000000000184 t _viCmdGetSessionNoParams.constprop.1
000000000000f070 000000000000018c t _viCmdGetSession.constprop.2
000000000000f200 0000000000000258 T viInitialize
000000000000f460 0000000000000044 T viExit
000000000000f4b0 000000000000000c T viGetSession_IHOSBinderDriverRelay
000000000000f4c0 0000000000000120 T viOpenDisplay
000000000000f5e0 00000000000000f0 T viCloseDisplay
000000000000f6d0 00000000000000fc T viCloseLayer
000000000000f7d0 00000000000003dc T viCreateLayer
000000000000fbb0 00000000000000d8 T viSetLayerScalingMode
000000000000fc90 00000000000000cc t _nvSetClientPID
000000000000fd60 00000000000000dc t _nvCleanup
000000000000fe40 00000000000000dc t _nvCmdInitialize.constprop.1
000000000000ff20 0000000000000258 T nvInitialize
0000000000010180 0000000000000044 T nvExit
00000000000101d0 000000000000012c T nvConvertError
0000000000010300 0000000000000134 T nvOpen
0000000000010440 00000000000002a0 T nvIoctl
00000000000106e0 00000000000000d4 T nvClose
00000000000107c0 000000000000010c T nvQueryEvent
00000000000108d0 000000000000006c T nvMapInit
0000000000010940 0000000000000068 T nvMapExit
00000000000109b0 0000000000000084 T nvMapClose
0000000000010a40 0000000000000150 T nvMapCreate
0000000000010b90 0000000000000060 t _nvFenceEventWaitCommon
0000000000010bf0 000000000000005c T nvFenceInit
0000000000010c50 0000000000000098 T nvFenceExit
0000000000010cf0 00000000000001e4 T nvFenceWait
0000000000010ee0 000000000000007c T nvMultiFenceWait
0000000000010f60 000000000000003c T nvioctlNvmap_Create
0000000000010fa0 0000000000000030 T nvioctlNvmap_Alloc
0000000000010fd0 0000000000000030 T nvioctlNvmap_Free
0000000000011000 000000000000003c T nvioctlNvmap_GetId
0000000000011040 0000000000000024 T nvioctlNvhostCtrl_EventSignal
0000000000011070 000000000000003c T nvioctlNvhostCtrl_EventWait
00000000000110b0 0000000000000028 T nvioctlNvhostCtrl_EventWaitAsync
00000000000110e0 0000000000000024 T nvioctlNvhostCtrl_EventRegister
0000000000011110 0000000000000024 T nvioctlNvhostCtrl_EventUnregister
0000000000011140 0000000000000028 T parcelCreate
0000000000011170 000000000000019c T parcelTransact
0000000000011310 0000000000000088 T parcelWriteData
00000000000113a0 0000000000000098 T parcelReadData
0000000000011440 0000000000000020 T parcelWriteInt32
0000000000011460 0000000000000020 T parcelWriteUInt32
0000000000011480 0000000000000080 T parcelWriteString16
0000000000011500 0000000000000030 T parcelWriteInterfaceToken
0000000000011530 0000000000000024 T parcelReadInt32
0000000000011560 0000000000000068 T parcelReadFlattenedObject
00000000000115d0 0000000000000044 T parcelWriteFlattenedObject
0000000000011618 0000000000000038 T aligned_alloc
0000000000011650 00000000000000b8 T bsearch
0000000000011708 0000000000000030 T calloc
0000000000011738 0000000000000094 T _calloc_r
00000000000117d0 0000000000000014 T __errno
00000000000117e8 0000000000000044 T __libc_fini_array
0000000000011830 0000000000000028 T gmtime
0000000000011858 0000000000000290 T gmtime_r
0000000000011ae8 000000000000008c T __libc_init_array
0000000000011b78 0000000000000030 T memalign
0000000000011ba8 0000000000000198 T _memalign_r
0000000000011d40 000000000000001c T malloc
0000000000011d60 000000000000001c T free
0000000000011d80 000000000000087c T _malloc_r
00000000000125fc 00000000000000d8 T memchr
0000000000012700 000000000000016c T memcpy
0000000000012880 00000000000001dc T memset
0000000000012a60 000000000000000c T __malloc_lock
0000000000012a70 000000000000000c T __malloc_unlock
0000000000012a80 00000000000000d4 T _puts_r
0000000000012b58 000000000000001c T puts
0000000000012b78 000000000000003c T setenv
0000000000012bb8 0000000000000264 T _setenv_r
0000000000012e20 000000000000025c T setvbuf
0000000000013080 00000000000000bc T sscanf
0000000000013140 0000000000000050 T __sread
0000000000013190 0000000000000008 T __seofread
0000000000013198 000000000000006c T __swrite
0000000000013208 0000000000000050 T __sseek
0000000000013258 0000000000000008 T __sclose
0000000000013260 00000000000000dc T strchr
0000000000013340 00000000000000e4 T strcmp
0000000000013440 0000000000000140 T strlen
0000000000013580 0000000000000084 T strncat
000000000001365c 00000000000001b8 T strncmp
0000000000013818 00000000000000a8 T strncpy
00000000000138e4 00000000000000e0 T strnlen
00000000000139a0 00000000000001ac t _strtoul_l.isra.0
0000000000013b50 0000000000000034 T _strtoul_r
0000000000013b88 0000000000000048 T strtoul
0000000000013bd0 000000000000005c t get_arg
0000000000013c2c 0000000000002fd8 T __ssvfscanf_r
0000000000016c08 00000000000000d0 T _wcrtomb_r
0000000000016cd8 0000000000000010 T _wcsrtombs_r
0000000000016ce8 0000000000000140 T __swsetup_r
0000000000016e28 0000000000000124 T __call_exitprocs
0000000000016f50 00000000000001a8 t quorem
00000000000170f8 00000000000010dc T _dtoa_r
00000000000181d8 000000000000000c T __env_lock
00000000000181e8 000000000000000c T __env_unlock
00000000000181f8 0000000000000214 T __sflush_r
0000000000018410 00000000000000b8 T _fflush_r
00000000000184c8 0000000000000078 t std
0000000000018540 000000000000000c T _cleanup_r
0000000000018550 000000000000000c T __sfp_lock_acquire
0000000000018560 000000000000000c T __sfp_lock_release
0000000000018570 000000000000000c T __sinit_lock_acquire
0000000000018580 000000000000000c T __sinit_lock_release
0000000000018590 0000000000000080 T __sinit
0000000000018610 0000000000000118 T _malloc_trim_r
0000000000018728 00000000000002f4 T _free_r
0000000000018a20 00000000000004b8 T __sfvwrite_r
0000000000018ed8 00000000000000bc T _fwalk_reent
0000000000018f98 0000000000000100 T _findenv_r
0000000000019098 0000000000000008 T iswspace
00000000000190a0 0000000000000008 T __localeconv_l
00000000000190a8 0000000000000028 T _localeconv_r
00000000000190d0 000000000000002c T __locale_mb_cur_max
0000000000019100 00000000000000a4 T __swhatbuf_r
00000000000191a8 000000000000010c T __smakebuf_r
00000000000192b8 00000000000000d8 T _mbrtowc_r
0000000000019390 00000000000002c8 T __utf8_mbtowc
0000000000019680 00000000000000ac T memmove
0000000000019730 0000000000000090 T _Balloc
00000000000197c0 000000000000001c T _Bfree
00000000000197e0 00000000000000e8 T __multadd
00000000000198c8 0000000000000120 T __s2b
00000000000199e8 000000000000005c T __hi0bits
0000000000019a48 00000000000000a0 T __lo0bits
0000000000019ae8 000000000000002c T __i2b
0000000000019b18 00000000000001c8 T __multiply
0000000000019ce0 0000000000000104 T __pow5mult
0000000000019de8 0000000000000134 T __lshift
0000000000019f20 0000000000000050 T __mcmp
0000000000019f70 000000000000014c T __mdiff
000000000001a0c0 0000000000000068 T __ulp
000000000001a128 0000000000000150 T __b2d
000000000001a278 0000000000000138 T __d2b
000000000001a3b0 00000000000000a0 T __ratio
000000000001a450 0000000000000068 T __copybits
000000000001a4b8 0000000000000084 T __any_on
000000000001a540 0000000000000030 T realloc
000000000001a570 000000000000056c T _realloc_r
000000000001aae0 00000000000000bc T __sccl
000000000001aba0 000000000000000c T nanf
000000000001abb0 000000000000007c T frexp
000000000001ac30 00000000000000a8 T sprintf
000000000001acd8 00000000000000c8 T stpncpy
000000000001ada0 0000000000000054 t sulp
000000000001adf8 00000000000010e8 T _strtod_l
000000000001bee0 0000000000000040 T _strtod_r
000000000001bf20 00000000000001a0 t _strtoll_l.isra.0
000000000001c0c0 0000000000000034 T _strtoll_r
000000000001c0f8 00000000000001a0 t _strtol_l.isra.0
000000000001c298 0000000000000034 T _strtol_r
000000000001c2d0 00000000000001ac t _strtoull_l.isra.0
000000000001c480 0000000000000034 T _strtoull_r
000000000001c4b4 00000000000001c0 T __ssprint_r
000000000001c674 00000000000000f4 T _sungetc_r
000000000001c768 0000000000000070 T __ssrefill_r
000000000001c7d8 00000000000000e0 T _sfread_r
000000000001c8b8 000000000000076c t get_arg
000000000001d024 0000000000003b38 T _svfprintf_r
0000000000020b60 00000000000000c8 T __submore
0000000000020c28 00000000000001dc T _wcsnrtombs_l
0000000000020e08 0000000000000054 T _wcsnrtombs_r
0000000000020e60 00000000000000e4 T __utf8_wctomb
0000000000020f48 000000000000015c T _fclose_r
00000000000210a8 0000000000000114 t rshift
00000000000211c0 00000000000007e8 T __gethex
00000000000219a8 0000000000000048 T __match
00000000000219f0 000000000000022c T __hexnan
0000000000021c20 000000000000004c T iswspace_l
0000000000021c70 0000000000000244 t __jp2uc
0000000000021eb8 00000000000000bc T _jp2uc_l
0000000000021f78 000000000000000c T nan
0000000000021f88 0000000000000088 T category
0000000000022010 0000000000000008 t null_write
0000000000022018 0000000000000018 T setDefaultDevice
0000000000022030 0000000000000108 T FindDevice
0000000000022138 0000000000000034 T RemoveDevice
0000000000022170 00000000000000d8 T AddDevice
0000000000022248 0000000000000034 T GetDeviceOpTab
0000000000022280 00000000000000a8 T _close_r
0000000000022328 0000000000000080 T _fstat_r
00000000000223a8 0000000000000008 T _isatty_r
00000000000223b0 0000000000000094 T _lseek_r
0000000000022448 00000000000000a4 T _read_r
00000000000224f0 0000000000000078 T _sbrk_r
0000000000022568 00000000000000a4 T _write_r
0000000000022610 0000000000000020 T _exit
0000000000022630 0000000000000234 T _concatenate_path
0000000000022868 0000000000000178 T chdir
00000000000229e0 0000000000000014 T __libc_lock_acquire
00000000000229f8 0000000000000014 T __libc_lock_release
0000000000022a10 000000000000000c T __libc_lock_init_recursive
0000000000022a20 0000000000000014 T __libc_lock_acquire_recursive
0000000000022a38 0000000000000014 T __libc_lock_release_recursive
0000000000022a50 0000000000000004 T __libc_lock_close_recursive
0000000000022a58 000000000000003c T __free_handle
0000000000022a98 0000000000000058 T __release_handle
0000000000022af0 0000000000000020 T __get_handle
0000000000022b10 0000000000000020 T __getreent
0000000000022b30 0000000000000150 t __extenddftf2
0000000000022c80 0000000000000348 t __trunctfdf2
0000000000022fc8 0000000000000070 t __sfp_handle_exceptions
0000000000023038 0000000000000100 T strrchr
0000000000023138 T _fini
0000000000024000 R __rodata_start
0000000000024058 0000000000000014 r CSWTCH.463
000000000002413c R default_font_bin
000000000002613c R default_font_bin_end
000000000002613c R default_font_bin_size
0000000000026160 0000000000000020 r error_table
0000000000026198 0000000000000030 r colorTable
00000000000261d0 0000000000000023 r g_bq_InterfaceDescriptor
00000000000261f8 0000000000000038 r g_nvColorFmtTable
0000000000026260 0000000000000101 R _ctype_
0000000000026430 0000000000000022 r basefix.6623
00000000000264f0 0000000000000028 R __mprec_bigtens
0000000000026518 00000000000000c8 R __mprec_tens
00000000000265e0 000000000000000c r p05.5339
0000000000026620 0000000000000014 r fpi.5419
0000000000026638 0000000000000014 r fpinan.5455
0000000000026650 0000000000000028 r tinytens
0000000000026678 000000000000006c R __action_table
00000000000266e8 0000000000000100 R __chclass
00000000000267e8 000000000000006c R __state_table
00000000000269e0 0000000000000010 r blanks.6590
00000000000269f0 0000000000000010 r zeroes.6591
0000000000026a00 0000000000000100 R __hexdig
0000000000026b18 00000000000000bc r a1
0000000000026bd8 00000000000000bc r a2
0000000000026c98 000000000000005b r a3
0000000000026cf8 0000000000000070 r a6
0000000000026d68 00000000000000a2 r a7
0000000000026e10 0000000000000040 r a8
0000000000026e50 000000000000172a r b02cf
0000000000028580 0000000000001a7c r d02f4
000000000002a000 000000000000309c r categories
000000000002d0a0 0000000000000003 R DIRECTORY_PARENT
000000000002d0a8 r __EH_FRAME_BEGIN__
000000000002d0a8 R __eh_frame_hdr_end
000000000002d0a8 R __eh_frame_hdr_start
000000000003299c r __FRAME_END__
00000000000329a0 a _DYNAMIC
0000000000036000 R __data_start
0000000000036000 t __frame_dummy_init_array_entry
0000000000036000 T __init_array_start
0000000000036000 B __preinit_array_end
0000000000036000 B __preinit_array_start
0000000000036000 D __tdata_lma
0000000000036000 D __tdata_lma_end
0000000000036008 t __do_global_dtors_aux_fini_array_entry
0000000000036008 T __fini_array_start
0000000000036008 T __init_array_end
0000000000036010 T __fini_array_end
0000000000036010 T __got_start__
0000000000036010 a _GLOBAL_OFFSET_TABLE_
00000000000362a8 D __got_end__
00000000000362a8 0000000000000001 V __nx_applet_auto_notifyrunning
00000000000362ac 0000000000000004 V __nx_applet_type
00000000000362b0 0000000000000001 d firstConsoleInit.6209
00000000000362b8 0000000000000058 d defaultConsole
0000000000036310 0000000000000008 d currentConsole
0000000000036318 00000000000000e0 d dotab_stdout
00000000000363f8 0000000000000008 V __nx_exception_stack_size
0000000000036400 0000000000000004 V __nx_fsdev_direntry_cache_size
0000000000036404 0000000000000001 V __nx_fsdev_support_cwd
0000000000036408 00000000000000e0 d fsdev_devoptab
00000000000364e8 0000000000000088 d s_consoleSwRenderer
0000000000036570 0000000000000004 V __nx_fs_num_sessions
0000000000036574 0000000000000004 V __nx_vi_stray_layer_flags
0000000000036578 0000000000000004 d g_viServiceType
000000000003657c 0000000000000004 V __nx_nv_transfermem_size
0000000000036580 0000000000000004 d g_nvmap_fd
0000000000036584 0000000000000004 d g_ctrl_fd
0000000000036588 0000000000000008 D _impure_ptr
0000000000036590 0000000000000768 d impure_data
0000000000036cf8 0000000000000008 D _global_impure_ptr
0000000000036d00 0000000000000008 D __malloc_sbrk_base
0000000000036d08 0000000000000008 D __malloc_trim_threshold
0000000000036d10 0000000000000810 D __malloc_av_
0000000000037520 0000000000000008 D environ
0000000000037528 00000000000001a8 D __global_locale
00000000000376d0 0000000000000002 d numempty
00000000000376d8 0000000000000018 D _C_numeric_locale
00000000000376f0 0000000000000004 d defaultDevice
00000000000376f8 0000000000000080 D devoptab_list
0000000000037778 00000000000000e0 D dotab_stdnull
0000000000037858 0000000000000400 d _current_working_directory
0000000000037c58 0000000000000010 d __stderr_handle
0000000000037c68 0000000000000010 d __stdin_handle
0000000000037c78 0000000000000010 d __stdout_handle
0000000000037c88 0000000000002000 d handles
0000000000039c88 D __bss_start__
0000000000039c88 D __TMC_END__
0000000000039c88 b completed.7870
0000000000039c90 b object.7875
0000000000039cc0 0000000000000050 b g_controllerDown
0000000000039d10 00000000000001e0 b g_controllerEntries
0000000000039ef0 0000000000000190 b g_controllerHeaders
000000000003a080 0000000000000050 b g_controllerHeld
000000000003a0d0 0000000000000028 b g_controllerLayout
000000000003a0f8 0000000000000500 b g_controllerMisc
000000000003a5f8 0000000000000050 b g_controllerOld
000000000003a648 0000000000000004 b g_controllerP1AutoID
000000000003a650 0000000000000050 b g_controllerTimestamps
000000000003a6a0 0000000000000050 b g_controllerUp
000000000003a6f0 0000000000000008 b g_hidGuard
000000000003a6f8 0000000000000010 b g_hidIAppletResource
000000000003a708 0000000000000010 b g_hidLock
000000000003a718 0000000000000020 b g_hidSharedmem
000000000003a738 0000000000000010 b g_hidSrv
000000000003a748 0000000000000020 b g_keyboardDown
000000000003a768 0000000000000038 b g_keyboardEntry
000000000003a7a0 0000000000000020 b g_keyboardHeld
000000000003a7c0 0000000000000008 b g_keyboardModDown
000000000003a7c8 0000000000000008 b g_keyboardModHeld
000000000003a7d0 0000000000000008 b g_keyboardModOld
000000000003a7d8 0000000000000008 b g_keyboardModUp
000000000003a7e0 0000000000000020 b g_keyboardOld
000000000003a800 0000000000000008 b g_keyboardTimestamp
000000000003a808 0000000000000020 b g_keyboardUp
000000000003a828 0000000000000400 b g_mouse
000000000003ac28 0000000000000008 b g_mouseDown
000000000003ac30 0000000000000008 b g_mouseEntry
000000000003ac38 0000000000000008 b g_mouseHeld
000000000003ac40 0000000000000008 b g_mouseOld
000000000003ac48 0000000000000008 b g_mouseTimestamp
000000000003ac50 0000000000000008 b g_mouseUp
000000000003ac58 0000000000000008 b g_sevenSixAxisSensorBuffer
000000000003ac60 0000000000000028 b g_sevenSixAxisSensorTmem0
000000000003ac88 0000000000000028 b g_sevenSixAxisSensorTmem1
000000000003acb0 000000000000000a b g_sixaxisEnabled
000000000003acc0 0000000000004650 b g_sixaxisLayouts
000000000003f310 0000000000000298 b g_touchEntry
000000000003f5a8 0000000000000008 b g_touchTimestamp
000000000003f5b0 0000000000000080 V __nx_applet_AppletAttribute
000000000003f630 0000000000000008 V __nx_applet_PerformanceConfiguration
000000000003f638 0000000000000004 V __nx_applet_exit_mode
000000000003f63c 0000000000000001 b g_appletCopyrightInitialized
000000000003f640 0000000000000028 b g_appletCopyrightTmem
000000000003f668 0000000000000004 b g_appletCpuBoostMode
000000000003f66c 0000000000000001 b g_appletExitProcessFlag
000000000003f670 0000000000000004 b g_appletExitProcessResult
000000000003f678 0000000000000018 b g_appletFirstHook
000000000003f690 0000000000000001 b g_appletFocusState
000000000003f698 0000000000000008 b g_appletGuard
000000000003f6a0 0000000000000010 b g_appletIAppletCommonFunctions
000000000003f6b0 0000000000000010 b g_appletIApplicationCreator
000000000003f6c0 0000000000000010 b g_appletIAudioController
000000000003f6d0 0000000000000010 b g_appletICommonStateGetter
000000000003f6e0 0000000000000010 b g_appletIDebugFunctions
000000000003f6f0 0000000000000010 b g_appletIDisplayController
000000000003f700 0000000000000010 b g_appletIFunctions
000000000003f710 0000000000000010 b g_appletIGlobalStateController
000000000003f720 0000000000000010 b g_appletILibraryAppletCreator
000000000003f730 0000000000000010 b g_appletILibraryAppletSelfAccessor
000000000003f740 0000000000000010 b g_appletIProcessWindingController
000000000003f750 0000000000000010 b g_appletISelfController
000000000003f760 0000000000000010 b g_appletIWindowController
000000000003f770 0000000000000050 b g_appletInfo
000000000003f7c0 0000000000000001 b g_appletInfoInitialized
000000000003f7c8 0000000000000008 b g_appletInitTickBase
000000000003f7d0 0000000000000001 b g_appletLeftInitialized
000000000003f7d8 000000000000000c b g_appletLibraryAppletLaunchableEvent
000000000003f7e8 000000000000000c b g_appletMessageEvent
000000000003f7f4 0000000000000001 b g_appletNotifiedRunning
000000000003f7f5 0000000000000001 b g_appletOperationMode
000000000003f7f8 0000000000000004 b g_appletPerformanceMode
000000000003f800 0000000000000010 b g_appletProxySession
000000000003f810 0000000000000004 b g_appletRecordingInitialized
000000000003f818 0000000000000028 b g_appletRecordingTmem
000000000003f840 0000000000000008 b g_appletResourceUserId
000000000003f848 0000000000000010 b g_appletSrv
000000000003f858 0000000000000008 b g_appletSuspendedTick
000000000003f860 000000000000000c b g_appletSuspendedTickEvent
000000000003f86c 0000000000000001 b g_appletSuspendedTickInitialized
000000000003f86d 0000000000000001 b g_hasRandomSeed
000000000003f86e 0000000000000001 b g_isNso
000000000003f870 0000000000000004 b g_lastLoadResult
000000000003f878 0000000000000008 b g_loaderInfo
000000000003f880 0000000000000008 b g_loaderInfoSize
000000000003f888 0000000000000008 b g_loaderRetAddr
000000000003f890 0000000000000004 b g_mainThreadHandle
000000000003f898 0000000000000008 b g_nextLoadArgv
000000000003f8a0 0000000000000008 b g_nextLoadPath
000000000003f8a8 0000000000000008 b g_overrideArgv
000000000003f8b0 0000000000000008 b g_overrideHeapAddr
000000000003f8b8 0000000000000008 b g_overrideHeapSize
000000000003f8c0 0000000000000004 b g_processHandle
000000000003f8c8 0000000000000010 b g_randomSeed
000000000003f8d8 0000000000000010 b g_syscallHints
000000000003f8e8 0000000000000008 b g_userIdStorage
000000000003f8f0 0000000000000004 b g_hosVersion
000000000003f8f8 0000000000000058 b currentCopy
000000000003f950 0000000000000008 b g_smGuard
000000000003f958 0000000000000180 b g_smOverrides
000000000003fad8 0000000000000008 b g_smOverridesNum
000000000003fae0 0000000000000010 b g_smSrv
000000000003faf0 0000000000000008 b g_apmGuard
000000000003faf8 0000000000000010 b g_apmISession
000000000003fb08 0000000000000010 b g_apmSrv
000000000003fb18 0000000000000008 b g_argv_empty
000000000003fb20 0000000000000004 V __nx_exception_ignoredebug
000000000003fb30 0000000000000400 V __nx_exception_stack
000000000003ff30 0000000000000008 V __nx_heap_size
000000000003ff38 0000000000000004 b fsdev_fsdevice_cwd
000000000003ff40 0000000000002400 b fsdev_fsdevices
0000000000042340 0000000000000001 b fsdev_initialised
0000000000042348 0000000000000010 b g_AddressSpace
0000000000042358 0000000000000008 b g_CurrentAddr
0000000000042360 0000000000000030 b g_Region
0000000000042390 0000000000000004 b g_VirtMemMutex
0000000000042394 0000000000000004 b g_Version
0000000000042398 0000000000000001 b g_VersionCached
000000000004239c 0000000000000004 b g_VersionMutex
00000000000423a0 0000000000000008 b g_fsGuard
00000000000423a8 0000000000000054 b g_fsSessionMgr
0000000000042400 0000000000000010 b g_fsSrv
0000000000042410 0000000000000008 b g_setsysGuard
0000000000042418 0000000000000010 b g_setsysSrv
0000000000042428 0000000000000004 V __nx_time_service_type
0000000000042430 0000000000000008 b g_timeGuard
0000000000042438 0000000000000010 b g_timeLocalSystemClock
0000000000042448 0000000000000010 b g_timeNetworkSystemClock
0000000000042458 0000000000000010 b g_timeSrv
0000000000042468 0000000000000010 b g_timeTimeZoneService
0000000000042478 0000000000000010 b g_timeUserSystemClock
0000000000042488 0000000000000080 b g_defaultWin
0000000000042508 0000000000000050 b g_viDisplay
0000000000042558 0000000000000010 b g_viLayer
0000000000042568 0000000000000008 b __bootticks
0000000000042570 0000000000000008 b __boottime
0000000000042578 0000000000000004 V __nx_time_type
0000000000042580 0000000000000008 V __nx_vi_layer_id
0000000000042588 0000000000000008 b g_viGuard
0000000000042590 0000000000000010 b g_viIApplicationDisplayService
00000000000425a0 0000000000000010 b g_viIHOSBinderDriverIndirect
00000000000425b0 0000000000000010 b g_viIHOSBinderDriverRelay
00000000000425c0 0000000000000010 b g_viIManagerDisplayService
00000000000425d0 0000000000000010 b g_viISystemDisplayService
00000000000425e0 0000000000000008 b g_nvGuard
00000000000425e8 0000000000000010 b g_nvSrv
00000000000425f8 0000000000000010 b g_nvSrvClone
0000000000042608 0000000000000028 b g_nvTransfermem
0000000000042630 0000000000000008 b g_refCnt
0000000000042638 0000000000000008 b g_NvEventUsedMask
0000000000042640 0000000000000300 b g_NvEvents
0000000000042940 0000000000000008 b g_refCnt
0000000000042948 0000000000000028 B __malloc_current_mallinfo
0000000000042970 0000000000000008 B __malloc_max_sbrked_mem
0000000000042978 0000000000000008 B __malloc_max_total_mem
0000000000042980 0000000000000008 B __malloc_top_pad
0000000000042988 000000000000000c b __malloc_recursive_mutex
0000000000042994 0000000000000004 b alloced.4086
0000000000042998 000000000000000c B __atexit_recursive_mutex
00000000000429a8 0000000000000008 b initial_env
00000000000429b0 000000000000000c b __env_recursive_mutex
00000000000429c0 000000000000000c b __sfp_recursive_mutex
00000000000429d0 000000000000000c b __sinit_recursive_mutex
00000000000429e0 0000000000000008 b heap_start.5295
00000000000429e8 0000000000000008 B fake_heap_end
00000000000429f0 0000000000000008 B fake_heap_start
00000000000429f8 0000000000000400 b temp_cwd
0000000000042df8 0000000000000004 b __hndl_lock
0000000000042e00 0000000000000008 B __system_argv
0000000000042e08 0000000000000004 B __system_argc
0000000000042e10 0000000000000004 B __nxlink_host
0000000000042e20 0000000000000340 B __nx_exceptiondump
0000000000043160 0000000000000008 B __stack_top
0000000000043168 B __tls_start
0000000000043578 B __bss_end__
0000000000043578 A __end__
0000000000043578 B __tls_end
0000000000044000 A __argdata__
