0000000000000000 T __code_start
0000000000000000 A __start__
0000000000000000 T _start
0000000000000000 b _TLS_MODULE_BASE_
0000000000000000 0000000000000004 b fsdev_last_result
0000000000000008 0000000000000401 B __nx_dev_path_buf
0000000000000080 t startup
00000000000000a4 t bssclr_start
00000000000000cc t bss_loop
0000000000000120 T __nx_exit
0000000000000130 T __nx_mod0
0000000000000158 T _init
00000000000001c0 0000000000000038 T exit
0000000000000200 0000000000000124 T main
0000000000000328 t deregister_tm_clones
0000000000000358 t register_tm_clones
0000000000000390 t __do_global_dtors_aux
00000000000003d8 t frame_dummy
000000000000040c 0000000000000004 b g_fsPriority
0000000000000410 00000000000000ec t _hidCmdWithNoInput
0000000000000500 0000000000000100 t _hidCmdWithInputU32
0000000000000600 00000000000001b4 t _hidCreateAppletResource.constprop.11
00000000000007c0 00000000000000c4 t _hidCmdGetHandle.constprop.12
0000000000000890 00000000000000f4 t _hidCmdWithInputU64.constprop.13
0000000000000990 00000000000001f8 T hidReset
0000000000000b90 000000000000000c T hidGetSharedmemAddr
0000000000000ba0 000000000000006c T hidKeysDown
0000000000000c10 000000000000000c T hidTouchCount
0000000000000c20 0000000000000598 T hidScanInput
00000000000011c0 0000000000000008 T hidSetSupportedNpadStyleSet
00000000000011d0 00000000000001a8 T hidSetSupportedNpadIdType
0000000000001380 0000000000000008 T hidSetNpadJoyHoldType
0000000000001390 0000000000000020 T hidSetNpadJoyAssignmentModeDual
00000000000013b0 0000000000000080 T hidFinalizeSevenSixAxisSensor
0000000000001430 000000000000010c t _hidCleanup
0000000000001540 000000000000018c T hidInitialize
00000000000016d0 0000000000000044 T hidExit
0000000000001720 0000000000000024 t _appletInfiniteSleepLoop
0000000000001750 00000000000000f0 t _appletCmdGetSession
0000000000001840 00000000000000fc t _appletGetLaunchReason
0000000000001940 00000000000000f0 t _appletSetFocusHandlingMode
0000000000001a30 00000000000000c0 t _appletCmdNoIO.isra.2
0000000000001af0 00000000000000d4 t _appletCmdNoInOutU64.isra.3
0000000000001bd0 00000000000000d4 t _appletCmdNoInOutU32.isra.5
0000000000001cb0 00000000000000d4 t _appletCmdNoInOutU8.isra.6
0000000000001d90 0000000000000050 t _appletCmdNoInOutBool
0000000000001de0 00000000000000c8 t _appletCmdInU8NoOut.isra.7
0000000000001eb0 00000000000000c8 t _appletCmdInU32NoOut.isra.10
0000000000001f80 00000000000000d4 t _appletGetLibraryAppletInfo.isra.12
0000000000002060 0000000000000114 t _appletGetSessionProxy.constprop.41
0000000000002180 0000000000000148 t _appletOpenLibraryAppletProxy.constprop.42
00000000000022d0 00000000000000cc t _appletCmdGetHandle.isra.4.constprop.46
00000000000023a0 0000000000000070 t _appletCmdGetEvent
0000000000002410 0000000000000010 T appletGetAppletType
0000000000002420 0000000000000114 T appletSetFocusHandlingMode
0000000000002540 0000000000000064 T appletSetCpuBoostMode
00000000000025b0 000000000000002c T appletCreateManagedDisplayLayer
00000000000025e0 0000000000000028 T appletGetAppletResourceUserId
0000000000002610 000000000000010c t _appletGetIndirectLayerConsumerHandle.isra.29
0000000000002720 0000000000000074 t _appletHolderCreateState
00000000000027a0 00000000000000b4 T appletHolderClose
0000000000002860 0000000000000024 T appletHolderGetLibraryAppletInfo
0000000000002890 0000000000000058 T appletNotifyRunning
00000000000028f0 0000000000000088 T appletSetGamePlayRecordingState
0000000000002980 0000000000000ad0 t _appletCleanup
0000000000003450 0000000000000044 T appletExit
00000000000034a0 0000000000000020 t _appletExitProcess
00000000000034c0 0000000000000040 T appletGetLibraryAppletInfo
0000000000003500 0000000000000a44 T appletInitialize
0000000000003f50 0000000000000074 T appletGetMessage
0000000000003fd0 0000000000000240 T appletProcessMessage
0000000000004210 0000000000000034 T appletMainLoop
0000000000004250 0000000000000254 T envSetup
00000000000044b0 0000000000000020 T envGetMainThreadHandle
00000000000044d0 000000000000000c T envIsNso
00000000000044e0 0000000000000014 T envHasHeapOverride
0000000000004500 000000000000000c T envGetHeapOverrideAddr
0000000000004510 000000000000000c T envGetHeapOverrideSize
0000000000004520 0000000000000014 T envHasArgv
0000000000004540 000000000000000c T envGetArgv
0000000000004550 000000000000000c T envGetExitFuncPtr
0000000000004560 000000000000000c T envSetExitFuncPtr
0000000000004570 0000000000000010 T hosversionGet
0000000000004580 0000000000000010 T hosversionSet
0000000000004590 0000000000000044 t consoleDrawChar
00000000000045e0 0000000000000140 t consoleClearLine
0000000000004720 000000000000004c t consoleNewRow
0000000000004770 0000000000000118 t consolePrintChar
0000000000004890 000000000000015c t consoleCls
00000000000049f0 00000000000007e0 t con_write
00000000000051d0 000000000000011c T consoleInit
00000000000052f0 0000000000000048 T consoleExit
0000000000005340 0000000000000028 T consoleUpdate
0000000000005370 000000000000000c T consoleClear
000000000000537c T svcSetHeapSize
0000000000005390 T svcSetMemoryAttribute
0000000000005398 T svcUnmapMemory
00000000000053a0 T svcQueryMemory
00000000000053b4 T svcExitProcess
00000000000053bc T svcSleepThread
00000000000053c4 T svcMapSharedMemory
00000000000053cc T svcUnmapSharedMemory
00000000000053d4 T svcCreateTransferMemory
00000000000053e8 T svcCloseHandle
00000000000053f0 T svcResetSignal
00000000000053f8 T svcWaitSynchronization
000000000000540c T svcArbitrateLock
0000000000005414 T svcArbitrateUnlock
000000000000541c T svcWaitProcessWideKeyAtomic
0000000000005424 T svcSignalProcessWideKey
000000000000542c T svcConnectToNamedPort
0000000000005440 T svcSendSyncRequest
0000000000005448 T svcBreak
0000000000005450 T svcReturnFromException
0000000000005458 T svcGetInfo
000000000000546c T svcUnmapTransferMemory
0000000000005474 W __libnx_exception_entry
0000000000005500 t __libnx_exception_entry_start
0000000000005628 t __libnx_exception_entry_abort
000000000000562c t __libnx_exception_entry_end
0000000000005634 T __libnx_exception_returnentry
0000000000005650 000000000000000c T eventLoadRemote
0000000000005660 0000000000000038 T eventWait
00000000000056a0 0000000000000050 T eventClose
00000000000056f0 000000000000008c T mutexLock
0000000000005780 0000000000000030 T mutexUnlock
00000000000057b0 000000000000004c T rmutexLock
0000000000005800 000000000000001c T rmutexUnlock
0000000000005820 00000000000000a8 T tmemCreate
00000000000058d0 0000000000000058 T tmemUnmap
0000000000005930 0000000000000068 T tmemClose
00000000000059a0 0000000000000058 T rwlockReadLock
0000000000005a00 000000000000005c T rwlockReadUnlock
0000000000005a60 0000000000000084 T rwlockWriteLock
0000000000005af0 000000000000003c T rwlockWriteUnlock
0000000000005b30 0000000000000104 t _waitLoop
0000000000005c40 0000000000000338 t _waitObjectsImpl
0000000000005f80 000000000000000c T waitObjects
0000000000005f90 0000000000000014 T shmemLoadRemote
0000000000005fb0 0000000000000084 T shmemMap
0000000000006040 0000000000000058 T shmemUnmap
00000000000060a0 0000000000000044 T shmemClose
00000000000060f0 0000000000000068 t _smCleanup
0000000000006160 0000000000000048 T smAddOverrideHandle
00000000000061b0 0000000000000064 T smGetServiceOverride
0000000000006220 0000000000000044 T smExit
0000000000006270 00000000000000d0 T smGetServiceOriginal
0000000000006340 000000000000027c T smInitialize
00000000000065c0 0000000000000114 T smGetServiceWrapper
00000000000066e0 00000000000001a8 t _fatalCmd
0000000000006890 000000000000000c T fatalThrowWithPolicy
00000000000068a0 0000000000000014 T fatalSimple
00000000000068a0 0000000000000014 T fatalThrow
00000000000068c0 00000000000000cc t _apmCleanup
0000000000006990 0000000000000188 t _apmCmdGetSession.constprop.0
0000000000006b20 00000000000000a0 T apmInitialize
0000000000006bc0 0000000000000044 T apmExit
0000000000006c10 00000000000000c8 T apmSetPerformanceConfiguration
0000000000006ce0 0000000000000324 T argvSetup
0000000000007010 00000000000000c4 T nxlinkSetup
00000000000070e0 00000000000000d8 W __libnx_initheap
00000000000071c0 00000000000000e8 W __appInit
00000000000072b0 0000000000000044 W __appExit
0000000000007300 0000000000000028 W __libnx_init
0000000000007330 0000000000000020 W __libnx_exit
0000000000007350 00000000000000a0 T __nx_dynamic
00000000000073f0 0000000000000010 t fsdev_link
0000000000007400 0000000000000010 t fsdev_dirreset
0000000000007410 0000000000000010 t fsdev_chmod
0000000000007420 000000000000001c t error_cmp
0000000000007440 000000000000005c t fsdev_translate_error
00000000000074a0 0000000000000040 t fsdev_fsync
00000000000074e0 0000000000000060 t fsdev_ftruncate
0000000000007540 0000000000000020 t fsdev_dirclose
0000000000007560 000000000000001c t fsdev_close
0000000000007580 000000000000007c t fsdev_converttimetoutc
0000000000007600 00000000000000c8 t fsdev_fstat
00000000000076d0 00000000000000b0 t fsdev_seek
0000000000007780 0000000000000118 t fsdev_read_safe.isra.0
00000000000078a0 00000000000000cc t fsdev_read
0000000000007970 0000000000000114 t fsdev_write_safe.isra.1
0000000000007a90 00000000000000f0 t fsdev_write
0000000000007b80 00000000000000b8 t fsdevFindDevice.part.2
0000000000007c40 0000000000000210 t fsdev_getfspath
0000000000007e50 0000000000000078 t fsdev_rmdir
0000000000007ed0 00000000000000d8 t fsdev_statvfs
0000000000007fb0 00000000000000f4 t fsdev_diropen
00000000000080b0 0000000000000078 t fsdev_mkdir
0000000000008130 000000000000010c t fsdev_rename
0000000000008240 0000000000000124 t fsdev_chdir
0000000000008370 0000000000000078 t fsdev_unlink
00000000000083f0 00000000000001c0 t fsdev_stat
00000000000085b0 00000000000001b0 t fsdev_open
0000000000008760 00000000000000a8 t _fsdevUnmountDeviceStruct.part.4
0000000000008810 0000000000000184 t fsdev_dirnext
00000000000089a0 0000000000000010 t fsdev_fchmod
00000000000089b0 00000000000001c8 T fsdevMountDevice
0000000000008b80 0000000000000040 T fsdevMountSdmc
0000000000008bc0 00000000000000cc T __libnx_init_cwd
0000000000008c90 0000000000000064 T fsdevUnmountAll
0000000000008d00 0000000000000070 t ConsoleSwRenderer_flushAndSwap
0000000000008d70 00000000000000c4 t ConsoleSwRenderer_scrollWindow
0000000000008e40 0000000000000188 t ConsoleSwRenderer_drawChar
0000000000008fd0 000000000000003c t ConsoleSwRenderer_deinit
0000000000009010 00000000000000f4 t ConsoleSwRenderer_init
0000000000009110 000000000000000c W getDefaultConsoleRenderer
0000000000009120 000000000000012c T decode_utf8
000000000000924c T __aarch64_read_tp
0000000000009260 0000000000000060 T condvarWaitTimeout
00000000000092c0 000000000000007c t _GetRegionFromInfo.isra.1
0000000000009340 0000000000000114 T virtmemSetup
0000000000009460 0000000000000124 T virtmemReserve
0000000000009590 0000000000000004 T virtmemFree
00000000000095a0 000000000000017c T detectKernelVersion
0000000000009720 0000000000000030 T detectDebugger
0000000000009750 00000000000000b4 t _fsCleanup
0000000000009810 00000000000001d4 t _fsCmdNoIO
00000000000099f0 0000000000000200 t _fsFsCmdWithInPath
0000000000009bf0 0000000000000244 t _fsFsCmdWithTwoInPaths
0000000000009e40 00000000000002fc t _fsFsOpenCommon
000000000000a140 0000000000000214 t _fsFsCmdWithInPathAndOutU64
000000000000a360 00000000000000fc t _fsObjectClose
000000000000a460 0000000000000170 t _fsCmdGetSession.constprop.2
000000000000a5d0 0000000000000328 T fsInitialize
000000000000a900 0000000000000044 T fsExit
000000000000a950 0000000000000008 T fsOpenSdCardFileSystem
000000000000a960 000000000000020c T fsFsCreateFile
000000000000ab70 0000000000000008 T fsFsDeleteFile
000000000000ab80 0000000000000008 T fsFsCreateDirectory
000000000000ab90 0000000000000008 T fsFsDeleteDirectory
000000000000aba0 0000000000000008 T fsFsRenameFile
000000000000abb0 0000000000000008 T fsFsRenameDirectory
000000000000abc0 0000000000000210 T fsFsGetEntryType
000000000000add0 0000000000000008 T fsFsOpenFile
000000000000ade0 0000000000000008 T fsFsOpenDirectory
000000000000adf0 0000000000000008 T fsFsGetFreeSpace
000000000000ae00 0000000000000008 T fsFsGetTotalSpace
000000000000ae10 0000000000000260 T fsFsGetFileTimeStampRaw
000000000000b070 0000000000000004 T fsFsClose
000000000000b080 0000000000000248 T fsFileRead
000000000000b2d0 000000000000022c T fsFileWrite
000000000000b500 0000000000000008 T fsFileFlush
000000000000b510 00000000000001dc T fsFileSetSize
000000000000b6f0 00000000000001ec T fsFileGetSize
000000000000b8e0 0000000000000004 T fsFileClose
000000000000b8f0 0000000000000004 T fsDirClose
000000000000b900 0000000000000230 T fsDirRead
000000000000bb30 00000000000000d4 t _setsysGetFirmwareVersionImpl
000000000000bc10 0000000000000068 t _setsysCleanup
000000000000bc80 00000000000000a0 T setsysInitialize
000000000000bd20 0000000000000044 T setsysExit
000000000000bd70 0000000000000044 T setsysGetFirmwareVersion
000000000000bdc0 00000000000001d4 t _timeCleanup
000000000000bfa0 00000000000000c8 t _timeCmdNoInOutU64.constprop.2
000000000000c070 0000000000000184 t _timeCmdGetSession.constprop.4
000000000000c200 0000000000000200 T timeInitialize
000000000000c400 0000000000000044 T timeExit
000000000000c450 0000000000000038 T timeGetServiceSession_SystemClock
000000000000c490 000000000000002c T timeGetCurrentTime
000000000000c4c0 0000000000000118 T timeToCalendarTimeWithMyRule
000000000000c5e0 0000000000000104 T timeToPosixTimeWithMyRule
000000000000c6f0 0000000000000054 t _nwindowConnect
000000000000c750 0000000000000040 t _nwindowDisconnect
000000000000c790 0000000000000024 T nwindowIsValid
000000000000c7c0 000000000000006c T nwindowClose
000000000000c830 00000000000000d4 T nwindowCreate
000000000000c910 0000000000000034 T nwindowCreateFromLayer
000000000000c950 0000000000000088 T nwindowSetDimensions
000000000000c9e0 0000000000000154 T nwindowConfigureBuffer
000000000000cb40 00000000000001e4 T nwindowDequeueBuffer
000000000000cd30 0000000000000144 T nwindowQueueBuffer
000000000000ce80 00000000000000ac T nwindowReleaseBuffers
000000000000cf30 000000000000000c T nwindowGetDefault
000000000000cf40 00000000000000c8 T __nx_win_init
000000000000d010 0000000000000034 T __nx_win_exit
000000000000d050 0000000000000018 T binderCreate
000000000000d070 0000000000000440 T binderTransactParcel
000000000000d4b0 0000000000000124 T binderConvertErrorCode
000000000000d5e0 0000000000000124 T binderAdjustRefcount
000000000000d710 0000000000000098 T binderInitSession
000000000000d7b0 0000000000000068 T binderClose
000000000000d820 0000000000000158 T binderGetNativeHandle
000000000000d980 00000000000000e8 T bqRequestBuffer
000000000000da70 0000000000000154 T bqDequeueBuffer
000000000000dbd0 000000000000009c T bqDetachBuffer
000000000000dc70 00000000000000e0 T bqQueueBuffer
000000000000dd50 0000000000000090 T bqCancelBuffer
000000000000dde0 00000000000000e4 T bqConnect
000000000000ded0 000000000000009c T bqDisconnect
000000000000df70 0000000000000178 T bqSetPreallocatedBuffer
000000000000e0f0 0000000000000080 T framebufferMakeLinear
000000000000e170 0000000000000078 T framebufferClose
000000000000e1f0 0000000000000298 T framebufferCreate
000000000000e490 0000000000000080 T framebufferBegin
000000000000e510 000000000000017c T framebufferEnd
000000000000e690 000000000000001c T __syscall_exit
000000000000e6b0 0000000000000034 T __syscall_getreent
000000000000e6f0 0000000000000004 T __syscall_lock_acquire
000000000000e700 0000000000000004 T __syscall_lock_release
000000000000e710 0000000000000004 T __syscall_lock_acquire_recursive
000000000000e720 0000000000000004 T __syscall_lock_release_recursive
000000000000e730 000000000000027c T __libnx_init_time
000000000000e9b0 0000000000000080 T newlibSetup
000000000000ea30 T armDCacheFlush
000000000000ea54 t armDCacheFlush_L0
000000000000ea70 0000000000000180 T sessionmgrCreate
000000000000ebf0 0000000000000080 T sessionmgrClose
000000000000ec70 00000000000000a4 T sessionmgrAttachClient
000000000000ed20 0000000000000074 T sessionmgrDetachClient
000000000000eda0 00000000000001c8 t _viCleanup
000000000000ef70 0000000000000184 t _viCmdGetSessionNoParams.constprop.1
000000000000f100 000000000000018c t _viCmdGetSession.constprop.2
000000000000f290 0000000000000258 T viInitialize
000000000000f4f0 0000000000000044 T viExit
000000000000f540 000000000000000c T viGetSession_IHOSBinderDriverRelay
000000000000f550 0000000000000120 T viOpenDisplay
000000000000f670 00000000000000f0 T viCloseDisplay
000000000000f760 00000000000000fc T viCloseLayer
000000000000f860 00000000000003dc T viCreateLayer
000000000000fc40 00000000000000d8 T viSetLayerScalingMode
000000000000fd20 00000000000000cc t _nvSetClientPID
000000000000fdf0 00000000000000dc t _nvCleanup
000000000000fed0 00000000000000dc t _nvCmdInitialize.constprop.1
000000000000ffb0 0000000000000258 T nvInitialize
0000000000010210 0000000000000044 T nvExit
0000000000010260 000000000000012c T nvConvertError
0000000000010390 0000000000000134 T nvOpen
00000000000104d0 00000000000002a0 T nvIoctl
0000000000010770 00000000000000d4 T nvClose
0000000000010850 000000000000010c T nvQueryEvent
0000000000010960 000000000000006c T nvMapInit
00000000000109d0 0000000000000068 T nvMapExit
0000000000010a40 0000000000000084 T nvMapClose
0000000000010ad0 0000000000000150 T nvMapCreate
0000000000010c20 0000000000000060 t _nvFenceEventWaitCommon
0000000000010c80 000000000000005c T nvFenceInit
0000000000010ce0 0000000000000098 T nvFenceExit
0000000000010d80 00000000000001e4 T nvFenceWait
0000000000010f70 000000000000007c T nvMultiFenceWait
0000000000010ff0 000000000000003c T nvioctlNvmap_Create
0000000000011030 0000000000000030 T nvioctlNvmap_Alloc
0000000000011060 0000000000000030 T nvioctlNvmap_Free
0000000000011090 000000000000003c T nvioctlNvmap_GetId
00000000000110d0 0000000000000024 T nvioctlNvhostCtrl_EventSignal
0000000000011100 000000000000003c T nvioctlNvhostCtrl_EventWait
0000000000011140 0000000000000028 T nvioctlNvhostCtrl_EventWaitAsync
0000000000011170 0000000000000024 T nvioctlNvhostCtrl_EventRegister
00000000000111a0 0000000000000024 T nvioctlNvhostCtrl_EventUnregister
00000000000111d0 0000000000000028 T parcelCreate
0000000000011200 000000000000019c T parcelTransact
00000000000113a0 0000000000000088 T parcelWriteData
0000000000011430 0000000000000098 T parcelReadData
00000000000114d0 0000000000000020 T parcelWriteInt32
00000000000114f0 0000000000000020 T parcelWriteUInt32
0000000000011510 0000000000000080 T parcelWriteString16
0000000000011590 0000000000000030 T parcelWriteInterfaceToken
00000000000115c0 0000000000000024 T parcelReadInt32
00000000000115f0 0000000000000068 T parcelReadFlattenedObject
0000000000011660 0000000000000044 T parcelWriteFlattenedObject
00000000000116a8 0000000000000038 T aligned_alloc
00000000000116e0 00000000000000b8 T bsearch
0000000000011798 0000000000000030 T calloc
00000000000117c8 0000000000000094 T _calloc_r
0000000000011860 0000000000000014 T __errno
0000000000011878 0000000000000044 T __libc_fini_array
00000000000118c0 0000000000000028 T gmtime
00000000000118e8 0000000000000290 T gmtime_r
0000000000011b78 000000000000008c T __libc_init_array
0000000000011c08 0000000000000030 T memalign
0000000000011c38 0000000000000198 T _memalign_r
0000000000011dd0 000000000000001c T malloc
0000000000011df0 000000000000001c T free
0000000000011e10 000000000000087c T _malloc_r
000000000001268c 00000000000000d8 T memchr
0000000000012780 000000000000016c T memcpy
0000000000012900 00000000000001dc T memset
0000000000012ae0 000000000000000c T __malloc_lock
0000000000012af0 000000000000000c T __malloc_unlock
0000000000012b00 000000000000008c T printf
0000000000012b90 000000000000003c T setenv
0000000000012bd0 0000000000000264 T _setenv_r
0000000000012e38 000000000000025c T setvbuf
0000000000013098 00000000000000bc T sscanf
0000000000013158 0000000000000050 T __sread
00000000000131a8 0000000000000008 T __seofread
00000000000131b0 000000000000006c T __swrite
0000000000013220 0000000000000050 T __sseek
0000000000013270 0000000000000008 T __sclose
0000000000013278 00000000000000dc T strchr
0000000000013380 00000000000000e4 T strcmp
0000000000013480 0000000000000140 T strlen
00000000000135c0 0000000000000084 T strncat
000000000001369c 00000000000001b8 T strncmp
0000000000013858 00000000000000a8 T strncpy
0000000000013924 00000000000000e0 T strnlen
00000000000139e0 00000000000001ac t _strtoul_l.isra.0
0000000000013b90 0000000000000034 T _strtoul_r
0000000000013bc8 0000000000000048 T strtoul
0000000000013c10 000000000000005c t get_arg
0000000000013c6c 0000000000002fd8 T __ssvfscanf_r
0000000000016c44 000000000000076c t get_arg
00000000000173b0 0000000000003c28 T _vfprintf_r
000000000001afd8 00000000000000ec t __sbprintf
000000000001b0c8 00000000000000d0 T _wcrtomb_r
000000000001b198 0000000000000010 T _wcsrtombs_r
000000000001b1a8 0000000000000140 T __swsetup_r
000000000001b2e8 0000000000000124 T __call_exitprocs
000000000001b410 00000000000001a8 t quorem
000000000001b5b8 00000000000010dc T _dtoa_r
000000000001c698 000000000000000c T __env_lock
000000000001c6a8 000000000000000c T __env_unlock
000000000001c6b8 0000000000000214 T __sflush_r
000000000001c8d0 00000000000000b8 T _fflush_r
000000000001c988 0000000000000078 t std
000000000001ca00 000000000000000c T _cleanup_r
000000000001ca10 000000000000000c T __sfp_lock_acquire
000000000001ca20 000000000000000c T __sfp_lock_release
000000000001ca30 000000000000000c T __sinit_lock_acquire
000000000001ca40 000000000000000c T __sinit_lock_release
000000000001ca50 0000000000000080 T __sinit
000000000001cad0 0000000000000118 T _malloc_trim_r
000000000001cbe8 00000000000002f4 T _free_r
000000000001cee0 00000000000000bc T _fwalk_reent
000000000001cfa0 0000000000000100 T _findenv_r
000000000001d0a0 0000000000000008 T iswspace
000000000001d0a8 0000000000000008 T __localeconv_l
000000000001d0b0 0000000000000028 T _localeconv_r
000000000001d0d8 000000000000002c T __locale_mb_cur_max
000000000001d108 00000000000000a4 T __swhatbuf_r
000000000001d1b0 000000000000010c T __smakebuf_r
000000000001d2c0 00000000000000d8 T _mbrtowc_r
000000000001d398 00000000000002c8 T __utf8_mbtowc
000000000001d660 0000000000000090 T _Balloc
000000000001d6f0 000000000000001c T _Bfree
000000000001d710 00000000000000e8 T __multadd
000000000001d7f8 0000000000000120 T __s2b
000000000001d918 000000000000005c T __hi0bits
000000000001d978 00000000000000a0 T __lo0bits
000000000001da18 000000000000002c T __i2b
000000000001da48 00000000000001c8 T __multiply
000000000001dc10 0000000000000104 T __pow5mult
000000000001dd18 0000000000000134 T __lshift
000000000001de50 0000000000000050 T __mcmp
000000000001dea0 000000000000014c T __mdiff
000000000001dff0 0000000000000068 T __ulp
000000000001e058 0000000000000150 T __b2d
000000000001e1a8 0000000000000138 T __d2b
000000000001e2e0 00000000000000a0 T __ratio
000000000001e380 0000000000000068 T __copybits
000000000001e3e8 0000000000000084 T __any_on
000000000001e470 0000000000000030 T realloc
000000000001e4a0 000000000000056c T _realloc_r
000000000001ea10 00000000000000bc T __sccl
000000000001ead0 000000000000000c T nanf
000000000001eae0 000000000000007c T frexp
000000000001eb60 00000000000000a8 T sprintf
000000000001ec08 00000000000000c8 T stpncpy
000000000001ecd0 0000000000000054 t sulp
000000000001ed28 00000000000010e8 T _strtod_l
000000000001fe10 0000000000000040 T _strtod_r
000000000001fe50 00000000000001a0 t _strtoll_l.isra.0
000000000001fff0 0000000000000034 T _strtoll_r
0000000000020028 00000000000001a0 t _strtol_l.isra.0
00000000000201c8 0000000000000034 T _strtol_r
0000000000020200 00000000000001ac t _strtoull_l.isra.0
00000000000203b0 0000000000000034 T _strtoull_r
00000000000203e4 00000000000001c0 T __ssprint_r
00000000000205a4 00000000000000f4 T _sungetc_r
0000000000020698 0000000000000070 T __ssrefill_r
0000000000020708 00000000000000e0 T _sfread_r
00000000000207e8 000000000000076c t get_arg
0000000000020f54 0000000000003b38 T _svfprintf_r
0000000000024a90 00000000000000c8 T __submore
0000000000024b58 000000000000003c T __sprint_r
0000000000024b98 00000000000001dc T _wcsnrtombs_l
0000000000024d78 0000000000000054 T _wcsnrtombs_r
0000000000024dd0 00000000000000e4 T __utf8_wctomb
0000000000024eb8 000000000000015c T _fclose_r
0000000000025018 00000000000004b8 T __sfvwrite_r
00000000000254d0 0000000000000114 t rshift
00000000000255e8 00000000000007e8 T __gethex
0000000000025dd0 0000000000000048 T __match
0000000000025e18 000000000000022c T __hexnan
0000000000026048 000000000000004c T iswspace_l
0000000000026098 0000000000000244 t __jp2uc
00000000000262e0 00000000000000bc T _jp2uc_l
00000000000263c0 00000000000000ac T memmove
0000000000026470 000000000000000c T nan
0000000000026480 0000000000000088 T category
0000000000026508 0000000000000008 t null_write
0000000000026510 0000000000000018 T setDefaultDevice
0000000000026528 0000000000000108 T FindDevice
0000000000026630 0000000000000034 T RemoveDevice
0000000000026668 00000000000000d8 T AddDevice
0000000000026740 0000000000000034 T GetDeviceOpTab
0000000000026778 00000000000000a8 T _close_r
0000000000026820 0000000000000080 T _fstat_r
00000000000268a0 0000000000000008 T _isatty_r
00000000000268a8 0000000000000094 T _lseek_r
0000000000026940 00000000000000a4 T _read_r
00000000000269e8 0000000000000078 T _sbrk_r
0000000000026a60 00000000000000a4 T _write_r
0000000000026b08 0000000000000020 T _exit
0000000000026b28 0000000000000234 T _concatenate_path
0000000000026d60 0000000000000178 T chdir
0000000000026ed8 0000000000000014 T __libc_lock_acquire
0000000000026ef0 0000000000000014 T __libc_lock_release
0000000000026f08 000000000000000c T __libc_lock_init_recursive
0000000000026f18 0000000000000014 T __libc_lock_acquire_recursive
0000000000026f30 0000000000000014 T __libc_lock_release_recursive
0000000000026f48 0000000000000004 T __libc_lock_close_recursive
0000000000026f50 000000000000003c T __free_handle
0000000000026f90 0000000000000058 T __release_handle
0000000000026fe8 0000000000000020 T __get_handle
0000000000027008 0000000000000020 T __getreent
0000000000027028 0000000000000150 t __extenddftf2
0000000000027178 0000000000000348 t __trunctfdf2
00000000000274c0 0000000000000070 t __sfp_handle_exceptions
0000000000027530 0000000000000100 T strrchr
0000000000027630 T _fini
0000000000028000 R __rodata_start
0000000000028050 0000000000000014 r CSWTCH.463
000000000002813c R default_font_bin
000000000002a13c R default_font_bin_end
000000000002a13c R default_font_bin_size
000000000002a160 0000000000000020 r error_table
000000000002a198 0000000000000030 r colorTable
000000000002a1d0 0000000000000023 r g_bq_InterfaceDescriptor
000000000002a1f8 0000000000000038 r g_nvColorFmtTable
000000000002a260 0000000000000101 R _ctype_
000000000002a428 0000000000000022 r basefix.6623
000000000002a5d8 0000000000000010 r blanks.6605
000000000002a5e8 0000000000000010 r zeroes.6606
000000000002a690 0000000000000028 R __mprec_bigtens
000000000002a6b8 00000000000000c8 R __mprec_tens
000000000002a780 000000000000000c r p05.5339
000000000002a7c0 0000000000000014 r fpi.5419
000000000002a7d8 0000000000000014 r fpinan.5455
000000000002a7f0 0000000000000028 r tinytens
000000000002a818 000000000000006c R __action_table
000000000002a888 0000000000000100 R __chclass
000000000002a988 000000000000006c R __state_table
000000000002ab40 0000000000000010 r blanks.6590
000000000002ab50 0000000000000010 r zeroes.6591
000000000002ab60 0000000000000100 R __hexdig
000000000002ac78 00000000000000bc r a1
000000000002ad38 00000000000000bc r a2
000000000002adf8 000000000000005b r a3
000000000002ae58 0000000000000070 r a6
000000000002aec8 00000000000000a2 r a7
000000000002af70 0000000000000040 r a8
000000000002afb0 000000000000172a r b02cf
000000000002c6e0 0000000000001a7c r d02f4
000000000002e160 000000000000309c r categories
0000000000031200 0000000000000003 R DIRECTORY_PARENT
0000000000031208 r __EH_FRAME_BEGIN__
0000000000031208 R __eh_frame_hdr_end
0000000000031208 R __eh_frame_hdr_start
0000000000036c04 r __FRAME_END__
0000000000036c08 a _DYNAMIC
000000000003a000 R __data_start
000000000003a000 t __frame_dummy_init_array_entry
000000000003a000 T __init_array_start
000000000003a000 B __preinit_array_end
000000000003a000 B __preinit_array_start
000000000003a000 D __tdata_lma
000000000003a000 D __tdata_lma_end
000000000003a008 t __do_global_dtors_aux_fini_array_entry
000000000003a008 T __fini_array_start
000000000003a008 T __init_array_end
000000000003a010 T __fini_array_end
000000000003a010 T __got_start__
000000000003a010 a _GLOBAL_OFFSET_TABLE_
000000000003a2a8 D __got_end__
000000000003a2a8 0000000000000001 V __nx_applet_auto_notifyrunning
000000000003a2ac 0000000000000004 V __nx_applet_type
000000000003a2b0 0000000000000001 d firstConsoleInit.6209
000000000003a2b8 0000000000000058 d defaultConsole
000000000003a310 0000000000000008 d currentConsole
000000000003a318 00000000000000e0 d dotab_stdout
000000000003a3f8 0000000000000008 V __nx_exception_stack_size
000000000003a400 0000000000000004 V __nx_fsdev_direntry_cache_size
000000000003a404 0000000000000001 V __nx_fsdev_support_cwd
000000000003a408 00000000000000e0 d fsdev_devoptab
000000000003a4e8 0000000000000088 d s_consoleSwRenderer
000000000003a570 0000000000000004 V __nx_fs_num_sessions
000000000003a574 0000000000000004 V __nx_vi_stray_layer_flags
000000000003a578 0000000000000004 d g_viServiceType
000000000003a57c 0000000000000004 V __nx_nv_transfermem_size
000000000003a580 0000000000000004 d g_nvmap_fd
000000000003a584 0000000000000004 d g_ctrl_fd
000000000003a588 0000000000000008 D _impure_ptr
000000000003a590 0000000000000768 d impure_data
000000000003acf8 0000000000000008 D _global_impure_ptr
000000000003ad00 0000000000000008 D __malloc_sbrk_base
000000000003ad08 0000000000000008 D __malloc_trim_threshold
000000000003ad10 0000000000000810 D __malloc_av_
000000000003b520 0000000000000008 D environ
000000000003b528 00000000000001a8 D __global_locale
000000000003b6d0 0000000000000002 d numempty
000000000003b6d8 0000000000000018 D _C_numeric_locale
000000000003b6f0 0000000000000004 d defaultDevice
000000000003b6f8 0000000000000080 D devoptab_list
000000000003b778 00000000000000e0 D dotab_stdnull
000000000003b858 0000000000000400 d _current_working_directory
000000000003bc58 0000000000000010 d __stderr_handle
000000000003bc68 0000000000000010 d __stdin_handle
000000000003bc78 0000000000000010 d __stdout_handle
000000000003bc88 0000000000002000 d handles
000000000003dc88 D __bss_start__
000000000003dc88 D __TMC_END__
000000000003dc88 b completed.7870
000000000003dc90 b object.7875
000000000003dcc0 0000000000000050 b g_controllerDown
000000000003dd10 00000000000001e0 b g_controllerEntries
000000000003def0 0000000000000190 b g_controllerHeaders
000000000003e080 0000000000000050 b g_controllerHeld
000000000003e0d0 0000000000000028 b g_controllerLayout
000000000003e0f8 0000000000000500 b g_controllerMisc
000000000003e5f8 0000000000000050 b g_controllerOld
000000000003e648 0000000000000004 b g_controllerP1AutoID
000000000003e650 0000000000000050 b g_controllerTimestamps
000000000003e6a0 0000000000000050 b g_controllerUp
000000000003e6f0 0000000000000008 b g_hidGuard
000000000003e6f8 0000000000000010 b g_hidIAppletResource
000000000003e708 0000000000000010 b g_hidLock
000000000003e718 0000000000000020 b g_hidSharedmem
000000000003e738 0000000000000010 b g_hidSrv
000000000003e748 0000000000000020 b g_keyboardDown
000000000003e768 0000000000000038 b g_keyboardEntry
000000000003e7a0 0000000000000020 b g_keyboardHeld
000000000003e7c0 0000000000000008 b g_keyboardModDown
000000000003e7c8 0000000000000008 b g_keyboardModHeld
000000000003e7d0 0000000000000008 b g_keyboardModOld
000000000003e7d8 0000000000000008 b g_keyboardModUp
000000000003e7e0 0000000000000020 b g_keyboardOld
000000000003e800 0000000000000008 b g_keyboardTimestamp
000000000003e808 0000000000000020 b g_keyboardUp
000000000003e828 0000000000000400 b g_mouse
000000000003ec28 0000000000000008 b g_mouseDown
000000000003ec30 0000000000000008 b g_mouseEntry
000000000003ec38 0000000000000008 b g_mouseHeld
000000000003ec40 0000000000000008 b g_mouseOld
000000000003ec48 0000000000000008 b g_mouseTimestamp
000000000003ec50 0000000000000008 b g_mouseUp
000000000003ec58 0000000000000008 b g_sevenSixAxisSensorBuffer
000000000003ec60 0000000000000028 b g_sevenSixAxisSensorTmem0
000000000003ec88 0000000000000028 b g_sevenSixAxisSensorTmem1
000000000003ecb0 000000000000000a b g_sixaxisEnabled
000000000003ecc0 0000000000004650 b g_sixaxisLayouts
0000000000043310 0000000000000298 b g_touchEntry
00000000000435a8 0000000000000008 b g_touchTimestamp
00000000000435b0 0000000000000080 V __nx_applet_AppletAttribute
0000000000043630 0000000000000008 V __nx_applet_PerformanceConfiguration
0000000000043638 0000000000000004 V __nx_applet_exit_mode
000000000004363c 0000000000000001 b g_appletCopyrightInitialized
0000000000043640 0000000000000028 b g_appletCopyrightTmem
0000000000043668 0000000000000004 b g_appletCpuBoostMode
000000000004366c 0000000000000001 b g_appletExitProcessFlag
0000000000043670 0000000000000004 b g_appletExitProcessResult
0000000000043678 0000000000000018 b g_appletFirstHook
0000000000043690 0000000000000001 b g_appletFocusState
0000000000043698 0000000000000008 b g_appletGuard
00000000000436a0 0000000000000010 b g_appletIAppletCommonFunctions
00000000000436b0 0000000000000010 b g_appletIApplicationCreator
00000000000436c0 0000000000000010 b g_appletIAudioController
00000000000436d0 0000000000000010 b g_appletICommonStateGetter
00000000000436e0 0000000000000010 b g_appletIDebugFunctions
00000000000436f0 0000000000000010 b g_appletIDisplayController
0000000000043700 0000000000000010 b g_appletIFunctions
0000000000043710 0000000000000010 b g_appletIGlobalStateController
0000000000043720 0000000000000010 b g_appletILibraryAppletCreator
0000000000043730 0000000000000010 b g_appletILibraryAppletSelfAccessor
0000000000043740 0000000000000010 b g_appletIProcessWindingController
0000000000043750 0000000000000010 b g_appletISelfController
0000000000043760 0000000000000010 b g_appletIWindowController
0000000000043770 0000000000000050 b g_appletInfo
00000000000437c0 0000000000000001 b g_appletInfoInitialized
00000000000437c8 0000000000000008 b g_appletInitTickBase
00000000000437d0 0000000000000001 b g_appletLeftInitialized
00000000000437d8 000000000000000c b g_appletLibraryAppletLaunchableEvent
00000000000437e8 000000000000000c b g_appletMessageEvent
00000000000437f4 0000000000000001 b g_appletNotifiedRunning
00000000000437f5 0000000000000001 b g_appletOperationMode
00000000000437f8 0000000000000004 b g_appletPerformanceMode
0000000000043800 0000000000000010 b g_appletProxySession
0000000000043810 0000000000000004 b g_appletRecordingInitialized
0000000000043818 0000000000000028 b g_appletRecordingTmem
0000000000043840 0000000000000008 b g_appletResourceUserId
0000000000043848 0000000000000010 b g_appletSrv
0000000000043858 0000000000000008 b g_appletSuspendedTick
0000000000043860 000000000000000c b g_appletSuspendedTickEvent
000000000004386c 0000000000000001 b g_appletSuspendedTickInitialized
000000000004386d 0000000000000001 b g_hasRandomSeed
000000000004386e 0000000000000001 b g_isNso
0000000000043870 0000000000000004 b g_lastLoadResult
0000000000043878 0000000000000008 b g_loaderInfo
0000000000043880 0000000000000008 b g_loaderInfoSize
0000000000043888 0000000000000008 b g_loaderRetAddr
0000000000043890 0000000000000004 b g_mainThreadHandle
0000000000043898 0000000000000008 b g_nextLoadArgv
00000000000438a0 0000000000000008 b g_nextLoadPath
00000000000438a8 0000000000000008 b g_overrideArgv
00000000000438b0 0000000000000008 b g_overrideHeapAddr
00000000000438b8 0000000000000008 b g_overrideHeapSize
00000000000438c0 0000000000000004 b g_processHandle
00000000000438c8 0000000000000010 b g_randomSeed
00000000000438d8 0000000000000010 b g_syscallHints
00000000000438e8 0000000000000008 b g_userIdStorage
00000000000438f0 0000000000000004 b g_hosVersion
00000000000438f8 0000000000000058 b currentCopy
0000000000043950 0000000000000008 b g_smGuard
0000000000043958 0000000000000180 b g_smOverrides
0000000000043ad8 0000000000000008 b g_smOverridesNum
0000000000043ae0 0000000000000010 b g_smSrv
0000000000043af0 0000000000000008 b g_apmGuard
0000000000043af8 0000000000000010 b g_apmISession
0000000000043b08 0000000000000010 b g_apmSrv
0000000000043b18 0000000000000008 b g_argv_empty
0000000000043b20 0000000000000004 V __nx_exception_ignoredebug
0000000000043b30 0000000000000400 V __nx_exception_stack
0000000000043f30 0000000000000008 V __nx_heap_size
0000000000043f38 0000000000000004 b fsdev_fsdevice_cwd
0000000000043f40 0000000000002400 b fsdev_fsdevices
0000000000046340 0000000000000001 b fsdev_initialised
0000000000046348 0000000000000010 b g_AddressSpace
0000000000046358 0000000000000008 b g_CurrentAddr
0000000000046360 0000000000000030 b g_Region
0000000000046390 0000000000000004 b g_VirtMemMutex
0000000000046394 0000000000000004 b g_Version
0000000000046398 0000000000000001 b g_VersionCached
000000000004639c 0000000000000004 b g_VersionMutex
00000000000463a0 0000000000000008 b g_fsGuard
00000000000463a8 0000000000000054 b g_fsSessionMgr
0000000000046400 0000000000000010 b g_fsSrv
0000000000046410 0000000000000008 b g_setsysGuard
0000000000046418 0000000000000010 b g_setsysSrv
0000000000046428 0000000000000004 V __nx_time_service_type
0000000000046430 0000000000000008 b g_timeGuard
0000000000046438 0000000000000010 b g_timeLocalSystemClock
0000000000046448 0000000000000010 b g_timeNetworkSystemClock
0000000000046458 0000000000000010 b g_timeSrv
0000000000046468 0000000000000010 b g_timeTimeZoneService
0000000000046478 0000000000000010 b g_timeUserSystemClock
0000000000046488 0000000000000080 b g_defaultWin
0000000000046508 0000000000000050 b g_viDisplay
0000000000046558 0000000000000010 b g_viLayer
0000000000046568 0000000000000008 b __bootticks
0000000000046570 0000000000000008 b __boottime
0000000000046578 0000000000000004 V __nx_time_type
0000000000046580 0000000000000008 V __nx_vi_layer_id
0000000000046588 0000000000000008 b g_viGuard
0000000000046590 0000000000000010 b g_viIApplicationDisplayService
00000000000465a0 0000000000000010 b g_viIHOSBinderDriverIndirect
00000000000465b0 0000000000000010 b g_viIHOSBinderDriverRelay
00000000000465c0 0000000000000010 b g_viIManagerDisplayService
00000000000465d0 0000000000000010 b g_viISystemDisplayService
00000000000465e0 0000000000000008 b g_nvGuard
00000000000465e8 0000000000000010 b g_nvSrv
00000000000465f8 0000000000000010 b g_nvSrvClone
0000000000046608 0000000000000028 b g_nvTransfermem
0000000000046630 0000000000000008 b g_refCnt
0000000000046638 0000000000000008 b g_NvEventUsedMask
0000000000046640 0000000000000300 b g_NvEvents
0000000000046940 0000000000000008 b g_refCnt
0000000000046948 0000000000000028 B __malloc_current_mallinfo
0000000000046970 0000000000000008 B __malloc_max_sbrked_mem
0000000000046978 0000000000000008 B __malloc_max_total_mem
0000000000046980 0000000000000008 B __malloc_top_pad
0000000000046988 000000000000000c b __malloc_recursive_mutex
0000000000046994 0000000000000004 b alloced.4086
0000000000046998 000000000000000c B __atexit_recursive_mutex
00000000000469a8 0000000000000008 b initial_env
00000000000469b0 000000000000000c b __env_recursive_mutex
00000000000469c0 000000000000000c b __sfp_recursive_mutex
00000000000469d0 000000000000000c b __sinit_recursive_mutex
00000000000469e0 0000000000000008 b heap_start.5295
00000000000469e8 0000000000000008 B fake_heap_end
00000000000469f0 0000000000000008 B fake_heap_start
00000000000469f8 0000000000000400 b temp_cwd
0000000000046df8 0000000000000004 b __hndl_lock
0000000000046e00 0000000000000008 B __system_argv
0000000000046e08 0000000000000004 B __system_argc
0000000000046e10 0000000000000004 B __nxlink_host
0000000000046e20 0000000000000340 B __nx_exceptiondump
0000000000047160 0000000000000008 B __stack_top
0000000000047168 B __tls_start
0000000000047578 B __bss_end__
0000000000047578 A __end__
0000000000047578 B __tls_end
0000000000048000 A __argdata__
